# JRE version: OpenJDK Runtime Environment Corretto-17.0.9.8.1 (17.0.9+8) (build 17.0.9+8-LTS)
# Java VM: OpenJDK 64-Bit Server VM Corretto-17.0.9.8.1 (17.0.9+8-LTS, mixed mode, sharing, tiered, compressed oops, compressed class ptrs, g1 gc, windows-amd64)
GC Precious Log:
 CPUs: 8 total, 8 available
 Memory: 16124M
 Large Page Support: Disabled
 NUMA Support: Disabled
 Compressed Oops: Enabled (32-bit)
 Heap Region Size: 1M
 Heap Min Capacity: 256M
 Heap Initial Capacity: 256M
 Heap Max Capacity: 512M
 Pre-touch: Disabled
 Parallel Workers: 8
 Concurrent Workers: 2
 Concurrent Refinement Workers: 8
 Periodic GC: Disabled
Heap:
 garbage-first heap   total 262144K, used 26398K [0x00000000e0000000, 0x0000000100000000)
  region size 1024K, 17 young (17408K), 11 survivors (11264K)
 Metaspace       used 18324K, committed 18624K, reserved 393216K
  class space    used 2670K, committed 2816K, reserved 327680K
GC Heap History (6 events):
Event: 0.883 GC heap before
{Heap before GC invocations=0 (full 0):
 garbage-first heap   total 262144K, used 26624K [0x00000000e0000000, 0x0000000100000000)
  region size 1024K, 23 young (23552K), 0 survivors (0K)
 Metaspace       used 2342K, committed 2496K, reserved 393216K
  class space    used 263K, committed 320K, reserved 327680K
}
Event: 0.888 GC heap after
{Heap after GC invocations=1 (full 0):
 garbage-first heap   total 262144K, used 10251K [0x00000000e0000000, 0x0000000100000000)
  region size 1024K, 3 young (3072K), 3 survivors (3072K)
 Metaspace       used 2342K, committed 2496K, reserved 393216K
  class space    used 263K, committed 320K, reserved 327680K
}
Event: 1.715 GC heap before
{Heap before GC invocations=1 (full 0):
 garbage-first heap   total 262144K, used 37899K [0x00000000e0000000, 0x0000000100000000)
  region size 1024K, 30 young (30720K), 3 survivors (3072K)
 Metaspace       used 4118K, committed 4288K, reserved 393216K
  class space    used 507K, committed 576K, reserved 327680K
}
Event: 1.719 GC heap after
{Heap after GC invocations=2 (full 0):
 garbage-first heap   total 262144K, used 11297K [0x00000000e0000000, 0x0000000100000000)
  region size 1024K, 1 young (1024K), 1 survivors (1024K)
 Metaspace       used 4118K, committed 4288K, reserved 393216K
  class space    used 507K, committed 576K, reserved 327680K
}
Event: 6.671 GC heap before
{Heap before GC invocations=2 (full 0):
 garbage-first heap   total 262144K, used 117793K [0x00000000e0000000, 0x0000000100000000)
  region size 1024K, 105 young (107520K), 1 survivors (1024K)
 Metaspace       used 17746K, committed 18048K, reserved 393216K
  class space    used 2582K, committed 2752K, reserved 327680K
}
Event: 6.685 GC heap after
{Heap after GC invocations=3 (full 0):
 garbage-first heap   total 262144K, used 21278K [0x00000000e0000000, 0x0000000100000000)
  region size 1024K, 11 young (11264K), 11 survivors (11264K)
 Metaspace       used 17746K, committed 18048K, reserved 393216K
  class space    used 2582K, committed 2752K, reserved 327680K
}

